2022-05-03 13:33:16 [32minfo[39m: [1] Master Started 
2022-05-03 13:33:16 [32minfo[39m: Cluster metrics server listening to 5555, metrics exposed on http://localhost:5555/metrics 
2022-05-03 13:33:18 [32minfo[39m: CORS enabled for http://localhost:3000/, http://localhost:3001/, http://localhost:5000/ 
2022-05-03 13:33:18 [32minfo[39m: [30] Worker started 
2022-05-03 13:33:18 [32minfo[39m: Handlebar helpers registration started 
2022-05-03 13:33:18 [33mwarn[39m: Code Injection is disabled. Helpers such as code, inject, pg, csv and functionalities such as external helpers, will not work. 
2022-05-03 13:33:18 [32minfo[39m: Handlebar helpers registration completed 
2022-05-03 13:33:18 [32minfo[39m: Worker sharing HTTP server at http://localhost:8080 ⛳ 
2022-05-03 13:33:49 [33mwarn[39m: Unexpected token # in JSON at position 0 
2022-05-03 13:33:49 [33mwarn[39m: [30] Worker Stopped Tue May 03 2022 13:33:49 GMT+0000 (Coordinated Universal Time) 
2022-05-03 13:33:51 [32minfo[39m: CORS enabled for http://localhost:3000/, http://localhost:3001/, http://localhost:5000/ 
2022-05-03 13:33:51 [32minfo[39m: [52] Worker started 
2022-05-03 13:33:51 [32minfo[39m: Handlebar helpers registration started 
2022-05-03 13:33:51 [33mwarn[39m: Code Injection is disabled. Helpers such as code, inject, pg, csv and functionalities such as external helpers, will not work. 
2022-05-03 13:33:51 [32minfo[39m: Handlebar helpers registration completed 
2022-05-03 13:33:51 [32minfo[39m: Worker sharing HTTP server at http://localhost:8080 ⛳ 
2022-05-03 13:34:48 [32minfo[39m: [1] Master Started 
2022-05-03 13:34:48 [32minfo[39m: Cluster metrics server listening to 5555, metrics exposed on http://localhost:5555/metrics 
2022-05-03 13:34:50 [32minfo[39m: CORS enabled for http://localhost:3000/, http://localhost:3001/, http://localhost:5000/ 
2022-05-03 13:34:50 [32minfo[39m: [29] Worker started 
2022-05-03 13:34:50 [32minfo[39m: Handlebar helpers registration started 
2022-05-03 13:34:50 [33mwarn[39m: Code Injection is disabled. Helpers such as code, inject, pg, csv and functionalities such as external helpers, will not work. 
2022-05-03 13:34:50 [32minfo[39m: Handlebar helpers registration completed 
2022-05-03 13:34:50 [32minfo[39m: Worker sharing HTTP server at http://localhost:8080 ⛳ 
2022-05-03 13:35:28 [33mwarn[39m: Unexpected token # in JSON at position 0 
2022-05-03 13:35:28 [33mwarn[39m: [29] Worker Stopped Tue May 03 2022 13:35:28 GMT+0000 (Coordinated Universal Time) 
2022-05-03 13:35:31 [32minfo[39m: CORS enabled for http://localhost:3000/, http://localhost:3001/, http://localhost:5000/ 
2022-05-03 13:35:31 [32minfo[39m: [51] Worker started 
2022-05-03 13:35:31 [32minfo[39m: Handlebar helpers registration started 
2022-05-03 13:35:31 [33mwarn[39m: Code Injection is disabled. Helpers such as code, inject, pg, csv and functionalities such as external helpers, will not work. 
2022-05-03 13:35:31 [32minfo[39m: Handlebar helpers registration completed 
2022-05-03 13:35:31 [32minfo[39m: Worker sharing HTTP server at http://localhost:8080 ⛳ 
2022-05-03 13:36:05 [33mwarn[39m: Unexpected token # in JSON at position 0 
2022-05-03 13:36:05 [33mwarn[39m: [51] Worker Stopped Tue May 03 2022 13:36:05 GMT+0000 (Coordinated Universal Time) 
2022-05-03 13:36:07 [32minfo[39m: CORS enabled for http://localhost:3000/, http://localhost:3001/, http://localhost:5000/ 
2022-05-03 13:36:07 [32minfo[39m: [73] Worker started 
2022-05-03 13:36:07 [32minfo[39m: Handlebar helpers registration started 
2022-05-03 13:36:07 [33mwarn[39m: Code Injection is disabled. Helpers such as code, inject, pg, csv and functionalities such as external helpers, will not work. 
2022-05-03 13:36:07 [32minfo[39m: Handlebar helpers registration completed 
2022-05-03 13:36:08 [32minfo[39m: Worker sharing HTTP server at http://localhost:8080 ⛳ 
2022-05-03 13:36:58 [33mwarn[39m: Unexpected token # in JSON at position 0 
2022-05-03 13:36:58 [33mwarn[39m: [73] Worker Stopped Tue May 03 2022 13:36:58 GMT+0000 (Coordinated Universal Time) 
2022-05-03 13:37:01 [32minfo[39m: CORS enabled for http://localhost:3000/, http://localhost:3001/, http://localhost:5000/ 
2022-05-03 13:37:01 [32minfo[39m: [95] Worker started 
2022-05-03 13:37:01 [32minfo[39m: Handlebar helpers registration started 
2022-05-03 13:37:01 [33mwarn[39m: Code Injection is disabled. Helpers such as code, inject, pg, csv and functionalities such as external helpers, will not work. 
2022-05-03 13:37:01 [32minfo[39m: Handlebar helpers registration completed 
2022-05-03 13:37:01 [32minfo[39m: Worker sharing HTTP server at http://localhost:8080 ⛳ 
2022-05-03 13:37:18 [33mwarn[39m: Unexpected token # in JSON at position 0 
2022-05-03 13:37:19 [33mwarn[39m: [95] Worker Stopped Tue May 03 2022 13:37:19 GMT+0000 (Coordinated Universal Time) 
2022-05-03 13:37:21 [32minfo[39m: CORS enabled for http://localhost:3000/, http://localhost:3001/, http://localhost:5000/ 
2022-05-03 13:37:21 [32minfo[39m: [117] Worker started 
2022-05-03 13:37:21 [32minfo[39m: Handlebar helpers registration started 
2022-05-03 13:37:21 [33mwarn[39m: Code Injection is disabled. Helpers such as code, inject, pg, csv and functionalities such as external helpers, will not work. 
2022-05-03 13:37:21 [32minfo[39m: Handlebar helpers registration completed 
2022-05-03 13:37:21 [32minfo[39m: Worker sharing HTTP server at http://localhost:8080 ⛳ 
2022-05-03 13:39:19 [33mwarn[39m: Unexpected token # in JSON at position 0 
2022-05-03 13:39:20 [33mwarn[39m: [117] Worker Stopped Tue May 03 2022 13:39:20 GMT+0000 (Coordinated Universal Time) 
2022-05-03 13:39:22 [32minfo[39m: CORS enabled for http://localhost:3000/, http://localhost:3001/, http://localhost:5000/ 
2022-05-03 13:39:22 [32minfo[39m: [139] Worker started 
2022-05-03 13:39:22 [32minfo[39m: Handlebar helpers registration started 
2022-05-03 13:39:22 [33mwarn[39m: Code Injection is disabled. Helpers such as code, inject, pg, csv and functionalities such as external helpers, will not work. 
2022-05-03 13:39:22 [32minfo[39m: Handlebar helpers registration completed 
2022-05-03 13:39:22 [32minfo[39m: Worker sharing HTTP server at http://localhost:8080 ⛳ 
2022-05-03 13:39:29 [33mwarn[39m: Unexpected token # in JSON at position 0 
2022-05-03 13:39:29 [33mwarn[39m: [139] Worker Stopped Tue May 03 2022 13:39:29 GMT+0000 (Coordinated Universal Time) 
2022-05-03 13:39:32 [32minfo[39m: CORS enabled for http://localhost:3000/, http://localhost:3001/, http://localhost:5000/ 
2022-05-03 13:39:32 [32minfo[39m: [161] Worker started 
2022-05-03 13:39:32 [32minfo[39m: Handlebar helpers registration started 
2022-05-03 13:39:32 [33mwarn[39m: Code Injection is disabled. Helpers such as code, inject, pg, csv and functionalities such as external helpers, will not work. 
2022-05-03 13:39:32 [32minfo[39m: Handlebar helpers registration completed 
2022-05-03 13:39:33 [32minfo[39m: Worker sharing HTTP server at http://localhost:8080 ⛳ 
2022-05-03 13:41:32 [33mwarn[39m: Unexpected token # in JSON at position 0 
2022-05-03 13:41:32 [33mwarn[39m: [161] Worker Stopped Tue May 03 2022 13:41:32 GMT+0000 (Coordinated Universal Time) 
2022-05-03 13:41:35 [32minfo[39m: CORS enabled for http://localhost:3000/, http://localhost:3001/, http://localhost:5000/ 
2022-05-03 13:41:35 [32minfo[39m: [183] Worker started 
2022-05-03 13:41:35 [32minfo[39m: Handlebar helpers registration started 
2022-05-03 13:41:35 [33mwarn[39m: Code Injection is disabled. Helpers such as code, inject, pg, csv and functionalities such as external helpers, will not work. 
2022-05-03 13:41:35 [32minfo[39m: Handlebar helpers registration completed 
2022-05-03 13:41:35 [32minfo[39m: Worker sharing HTTP server at http://localhost:8080 ⛳ 
2022-05-03 13:41:49 [33mwarn[39m: Unexpected token # in JSON at position 0 
2022-05-03 13:41:49 [33mwarn[39m: [183] Worker Stopped Tue May 03 2022 13:41:49 GMT+0000 (Coordinated Universal Time) 
2022-05-03 13:41:52 [32minfo[39m: CORS enabled for http://localhost:3000/, http://localhost:3001/, http://localhost:5000/ 
2022-05-03 13:41:52 [32minfo[39m: [205] Worker started 
2022-05-03 13:41:52 [32minfo[39m: Handlebar helpers registration started 
2022-05-03 13:41:52 [33mwarn[39m: Code Injection is disabled. Helpers such as code, inject, pg, csv and functionalities such as external helpers, will not work. 
2022-05-03 13:41:52 [32minfo[39m: Handlebar helpers registration completed 
2022-05-03 13:41:52 [32minfo[39m: Worker sharing HTTP server at http://localhost:8080 ⛳ 
2022-05-03 13:42:34 [33mwarn[39m: Unexpected token # in JSON at position 0 
2022-05-03 13:42:34 [33mwarn[39m: [205] Worker Stopped Tue May 03 2022 13:42:34 GMT+0000 (Coordinated Universal Time) 
2022-05-03 13:42:37 [32minfo[39m: CORS enabled for http://localhost:3000/, http://localhost:3001/, http://localhost:5000/ 
2022-05-03 13:42:37 [32minfo[39m: [227] Worker started 
2022-05-03 13:42:37 [32minfo[39m: Handlebar helpers registration started 
2022-05-03 13:42:37 [33mwarn[39m: Code Injection is disabled. Helpers such as code, inject, pg, csv and functionalities such as external helpers, will not work. 
2022-05-03 13:42:37 [32minfo[39m: Handlebar helpers registration completed 
2022-05-03 13:42:37 [32minfo[39m: Worker sharing HTTP server at http://localhost:8080 ⛳ 
2022-05-03 13:43:13 [32minfo[39m: [1] Master Started 
2022-05-03 13:43:13 [32minfo[39m: Cluster metrics server listening to 5555, metrics exposed on http://localhost:5555/metrics 
2022-05-03 13:43:15 [32minfo[39m: CORS enabled for http://localhost:3000/, http://localhost:3001/, http://localhost:5000/ 
2022-05-03 13:43:15 [32minfo[39m: [30] Worker started 
2022-05-03 13:43:15 [32minfo[39m: Handlebar helpers registration started 
2022-05-03 13:43:15 [33mwarn[39m: Code Injection is disabled. Helpers such as code, inject, pg, csv and functionalities such as external helpers, will not work. 
2022-05-03 13:43:15 [32minfo[39m: Handlebar helpers registration completed 
2022-05-03 13:43:15 [32minfo[39m: Worker sharing HTTP server at http://localhost:8080 ⛳ 
2022-05-03 13:43:29 [33mwarn[39m: Unexpected token # in JSON at position 0 
2022-05-03 13:43:29 [33mwarn[39m: [30] Worker Stopped Tue May 03 2022 13:43:29 GMT+0000 (Coordinated Universal Time) 
2022-05-03 13:43:32 [32minfo[39m: CORS enabled for http://localhost:3000/, http://localhost:3001/, http://localhost:5000/ 
2022-05-03 13:43:32 [32minfo[39m: [52] Worker started 
2022-05-03 13:43:32 [32minfo[39m: Handlebar helpers registration started 
2022-05-03 13:43:32 [33mwarn[39m: Code Injection is disabled. Helpers such as code, inject, pg, csv and functionalities such as external helpers, will not work. 
2022-05-03 13:43:32 [32minfo[39m: Handlebar helpers registration completed 
2022-05-03 13:43:32 [32minfo[39m: Worker sharing HTTP server at http://localhost:8080 ⛳ 
2022-05-03 13:44:01 [32minfo[39m: [1] Master Started 
2022-05-03 13:44:01 [32minfo[39m: Cluster metrics server listening to 5555, metrics exposed on http://localhost:5555/metrics 
2022-05-03 13:44:04 [32minfo[39m: CORS enabled for http://localhost:3000/, http://localhost:3001/, http://localhost:5000/ 
2022-05-03 13:44:04 [32minfo[39m: [30] Worker started 
2022-05-03 13:44:04 [32minfo[39m: Handlebar helpers registration started 
2022-05-03 13:44:04 [33mwarn[39m: Code Injection is disabled. Helpers such as code, inject, pg, csv and functionalities such as external helpers, will not work. 
2022-05-03 13:44:04 [32minfo[39m: Handlebar helpers registration completed 
2022-05-03 13:44:04 [32minfo[39m: Worker sharing HTTP server at http://localhost:8080 ⛳ 
2022-05-03 13:44:04 [33mwarn[39m: Unexpected token i in JSON at position 0 
2022-05-03 13:44:04 [33mwarn[39m: [30] Worker Stopped Tue May 03 2022 13:44:04 GMT+0000 (Coordinated Universal Time) 
2022-05-03 13:44:07 [32minfo[39m: CORS enabled for http://localhost:3000/, http://localhost:3001/, http://localhost:5000/ 
2022-05-03 13:44:07 [32minfo[39m: [52] Worker started 
2022-05-03 13:44:07 [32minfo[39m: Handlebar helpers registration started 
2022-05-03 13:44:07 [33mwarn[39m: Code Injection is disabled. Helpers such as code, inject, pg, csv and functionalities such as external helpers, will not work. 
2022-05-03 13:44:07 [32minfo[39m: Handlebar helpers registration completed 
2022-05-03 13:44:07 [32minfo[39m: Worker sharing HTTP server at http://localhost:8080 ⛳ 
2022-05-03 13:45:28 [32minfo[39m: [1] Master Started 
2022-05-03 13:45:28 [32minfo[39m: Cluster metrics server listening to 5555, metrics exposed on http://localhost:5555/metrics 
2022-05-03 13:45:31 [32minfo[39m: CORS enabled for http://localhost:3000/, http://localhost:3001/, http://localhost:5000/ 
2022-05-03 13:45:31 [32minfo[39m: [30] Worker started 
2022-05-03 13:45:31 [32minfo[39m: Handlebar helpers registration started 
2022-05-03 13:45:31 [33mwarn[39m: Code Injection is disabled. Helpers such as code, inject, pg, csv and functionalities such as external helpers, will not work. 
2022-05-03 13:45:31 [32minfo[39m: Handlebar helpers registration completed 
2022-05-03 13:45:31 [32minfo[39m: Worker sharing HTTP server at http://localhost:8080 ⛳ 
2022-05-03 14:54:29 [32minfo[39m: [1] Master Started 
2022-05-03 14:54:29 [32minfo[39m: Cluster metrics server listening to 5555, metrics exposed on http://localhost:5555/metrics 
2022-05-03 14:54:32 [32minfo[39m: CORS enabled for http://localhost:3000/, http://localhost:3001/, http://localhost:5000/ 
2022-05-03 14:54:32 [32minfo[39m: [30] Worker started 
2022-05-03 14:54:32 [32minfo[39m: Handlebar helpers registration started 
2022-05-03 14:54:32 [33mwarn[39m: Code Injection is disabled. Helpers such as code, inject, pg, csv and functionalities such as external helpers, will not work. 
2022-05-03 14:54:32 [32minfo[39m: Handlebar helpers registration completed 
2022-05-03 14:54:32 [32minfo[39m: Worker sharing HTTP server at http://localhost:8080 ⛳ 
2022-05-04 08:48:25 [32minfo[39m: [1] Master Started 
2022-05-04 08:48:25 [32minfo[39m: Cluster metrics server listening to 5555, metrics exposed on http://localhost:5555/metrics 
2022-05-04 08:48:28 [32minfo[39m: CORS enabled for http://localhost:3000/, http://localhost:3001/, http://localhost:5000/ 
2022-05-04 08:48:28 [32minfo[39m: [29] Worker started 
2022-05-04 08:48:28 [32minfo[39m: Handlebar helpers registration started 
2022-05-04 08:48:28 [33mwarn[39m: Code Injection is disabled. Helpers such as code, inject, pg, csv and functionalities such as external helpers, will not work. 
2022-05-04 08:48:28 [32minfo[39m: Handlebar helpers registration completed 
2022-05-04 08:48:28 [32minfo[39m: Worker sharing HTTP server at http://localhost:8080 ⛳ 
2022-05-04 08:56:42 [32minfo[39m: [1] Master Started 
2022-05-04 08:56:43 [32minfo[39m: Cluster metrics server listening to 5555, metrics exposed on http://localhost:5555/metrics 
2022-05-04 08:56:45 [32minfo[39m: CORS enabled for http://localhost:3000/, http://localhost:3001/, http://localhost:5000/ 
2022-05-04 08:56:45 [32minfo[39m: [30] Worker started 
2022-05-04 08:56:45 [32minfo[39m: Handlebar helpers registration started 
2022-05-04 08:56:45 [33mwarn[39m: Code Injection is disabled. Helpers such as code, inject, pg, csv and functionalities such as external helpers, will not work. 
2022-05-04 08:56:45 [32minfo[39m: Handlebar helpers registration completed 
2022-05-04 08:56:45 [32minfo[39m: Worker sharing HTTP server at http://localhost:8080 ⛳ 
